feature-notifications/build/intermediates/manifest_merge_blame_file/release/processReleaseManifest/manifest-merger-blame-release-report.txt
1<?xml version="1.0" encoding="utf-8"?>
2<manifest xmlns:android="http://schemas.android.com/apk/res/android"
3    xmlns:tools="http://schemas.android.com/tools"
4    package="com.localai.agent.featurenotifications" >
5
6    <uses-sdk android:minSdkVersion="26" />
7
8    <uses-permission
8-->src/main/AndroidManifest.xml:5:5-6:47
9        android:name="android.permission.BIND_NOTIFICATION_LISTENER_SERVICE"
9-->src/main/AndroidManifest.xml:5:22-90
10        tools:ignore="ProtectedPermissions" />
10-->src/main/AndroidManifest.xml:6:9-44
11
12    <application>
12-->src/main/AndroidManifest.xml:8:5-17:19
13        <service
13-->src/main/AndroidManifest.xml:9:9-16:19
14            android:name="com.localai.agent.featurenotifications.service.AgentNotificationListenerService"
14-->src/main/AndroidManifest.xml:10:13-69
15            android:exported="true"
15-->src/main/AndroidManifest.xml:11:13-36
16            android:permission="android.permission.BIND_NOTIFICATION_LISTENER_SERVICE" >
16-->src/main/AndroidManifest.xml:12:13-87
17            <intent-filter>
17-->src/main/AndroidManifest.xml:13:13-15:29
18                <action android:name="android.service.notification.NotificationListenerService" />
18-->src/main/AndroidManifest.xml:14:17-99
18-->src/main/AndroidManifest.xml:14:25-96
19            </intent-filter>
20        </service>
21    </application>
22
23</manifest>